<?xml version="1.0" encoding="UTF-8"?>
<testng-results ignored="0" total="1" passed="1" failed="0" skipped="0">
  <reporter-output>
  </reporter-output>
  <suite started-at="2024-11-07T12:30:38 IST" name="Default suite" finished-at="2024-11-07T12:31:09 IST" duration-ms="31780">
    <groups>
    </groups>
    <test started-at="2024-11-07T12:30:38 IST" name="Default test" finished-at="2024-11-07T12:31:09 IST" duration-ms="31780">
      <class name="test.InformationandLogouttest">
        <test-method is-config="true" signature="setUp()[pri:0, instance:test.InformationandLogouttest@323b36e0]" started-at="2024-11-07T12:30:38 IST" name="setUp" finished-at="2024-11-07T12:30:52 IST" duration-ms="13898" status="PASS">
          <reporter-output>
          </reporter-output>
        </test-method> <!-- setUp -->
        <test-method signature="addtocart()[pri:0, instance:test.InformationandLogouttest@323b36e0]" started-at="2024-11-07T12:30:52 IST" name="addtocart" finished-at="2024-11-07T12:31:09 IST" duration-ms="17443" status="PASS">
          <reporter-output>
          </reporter-output>
        </test-method> <!-- addtocart -->
        <test-method is-config="true" signature="postCondition()[pri:0, instance:test.InformationandLogouttest@323b36e0]" started-at="2024-11-07T12:31:09 IST" name="postCondition" finished-at="2024-11-07T12:31:09 IST" duration-ms="2" status="PASS">
          <reporter-output>
          </reporter-output>
        </test-method> <!-- postCondition -->
      </class> <!-- test.InformationandLogouttest -->
    </test> <!-- Default test -->
  </suite> <!-- Default suite -->
</testng-results>
